[13:08:19] [ServerMain/WARN]: [oshi.driver.windows.perfmon.PerfmonDisabled] Invalid registry value type detected for PerfOS counters. Should be REG_DWORD. Ignoring: HKEY_LOCAL_MACHINE\SYSTEM\CurrentControlSet\Services\PerfOS\Performance\Disable Performance Counters.
[13:08:27] [ServerMain/ERROR]: Failed to load properties from file: server.properties
java.nio.file.NoSuchFileException: server.properties
	at sun.nio.fs.WindowsException.translateToIOException(WindowsException.java:85) ~[?:?]
	at sun.nio.fs.WindowsException.rethrowAsIOException(WindowsException.java:103) ~[?:?]
	at sun.nio.fs.WindowsException.rethrowAsIOException(WindowsException.java:108) ~[?:?]
	at sun.nio.fs.WindowsFileSystemProvider.newByteChannel(WindowsFileSystemProvider.java:236) ~[?:?]
	at java.nio.file.Files.newByteChannel(Files.java:380) ~[?:?]
	at java.nio.file.Files.newByteChannel(Files.java:432) ~[?:?]
	at java.nio.file.spi.FileSystemProvider.newInputStream(FileSystemProvider.java:422) ~[?:?]
	at java.nio.file.Files.newInputStream(Files.java:160) ~[?:?]
	at net.minecraft.server.dedicated.Settings.loadFromFile(Settings.java:57) ~[?:?]
	at net.minecraft.server.dedicated.DedicatedServerProperties.fromFile(DedicatedServerProperties.java:178) ~[paper-1.20.jar:git-Paper-17]
	at net.minecraft.server.dedicated.DedicatedServerSettings.<init>(DedicatedServerSettings.java:19) ~[paper-1.20.jar:git-Paper-17]
	at net.minecraft.server.Main.main(Main.java:131) ~[paper-1.20.jar:git-Paper-17]
	at org.bukkit.craftbukkit.Main.main(Main.java:316) ~[paper-1.20.jar:git-Paper-17]
	at io.papermc.paperclip.Paperclip.lambda$main$0(Paperclip.java:42) ~[app:?]
	at java.lang.Thread.run(Thread.java:842) ~[?:?]
[13:08:27] [ServerMain/WARN]: Failed to load eula.txt
[13:08:27] [ServerMain/INFO]: You need to agree to the EULA in order to run the server. Go to eula.txt for more info.
